0 info it worked if it ends with ok
1 verbose cli [ 'c:\\Program Files\\nodejs\\node.exe',
1 verbose cli   'c:\\Program Files\\nodejs\\node_modules\\npm\\bin\\npm-cli.js',
1 verbose cli   'start' ]
2 info using npm@3.10.10
3 info using node@v6.10.2
4 verbose run-script [ 'prestart', 'start', 'poststart' ]
5 info lifecycle sunspot-server@1.0.0~prestart: sunspot-server@1.0.0
6 silly lifecycle sunspot-server@1.0.0~prestart: no script for prestart, continuing
7 info lifecycle sunspot-server@1.0.0~start: sunspot-server@1.0.0
8 verbose lifecycle sunspot-server@1.0.0~start: unsafe-perm in lifecycle true
9 verbose lifecycle sunspot-server@1.0.0~start: PATH: c:\Program Files\nodejs\node_modules\npm\bin\node-gyp-bin;c:\Users\Alec.Alec-Lenovo\Documents\NASA-space-apps\SunSpot-Node-Server\node_modules\.bin;c:\Users\Alec.Alec-Lenovo\bin;.;C:\Program Files (x86)\Git\local\bin;C:\Program Files (x86)\Git\mingw\bin;C:\Program Files (x86)\Git\bin;C:\Program Files (x86)\Git\bin;c:\ProgramData\Oracle\Java\javapath;c:\Python33\;c:\Program Files (x86)\Intel\iCLS Client\;c:\Program Files\Intel\iCLS Client\;c:\WINDOWS\system32;c:\WINDOWS;c:\WINDOWS\System32\Wbem;c:\WINDOWS\System32\WindowsPowerShell\v1.0\;c:\Program Files (x86)\Intel\OpenCL SDK\3.0\bin\x86;c:\Program Files (x86)\Intel\OpenCL SDK\3.0\bin\x64;c:\Program Files\Intel\Intel(R) Management Engine Components\DAL;c:\Program Files\Intel\Intel(R) Management Engine Components\IPT;c:\Program Files (x86)\Intel\Intel(R) Management Engine Components\DAL;c:\Program Files (x86)\Intel\Intel(R) Management Engine Components\IPT;c:\Program Files\Intel\WiFi\bin\;c:\Program Files\Common Files\Intel\WirelessCommon\;c:\Program Files (x86)\QuickTime\QTSystem\;c:\Program Files\TortoiseSVN\bin;C:\Program Files (x86)\Git\cmd;c:\Python27\Scripts;c:\Program Files (x86)\Shoes;c:\Program Files\Java\jdk1.7.0_75\bin;c:\Program Files (x86)\Heroku\bin;C:\Program Files (x86)\Git\cmd;c:\Program Files (x86)\NVIDIA Corporation\PhysX\Common;c:\Program Files (x86)\Skype\Phone\;c:\cygwin64\bin;c:\Program Files\nodejs\;c:\Android;c:\Windows\System32;c:\Ruby193\bin;c:\Program Files (x86)\FAHClient;c:\Python33\Scripts;c:\Python27\;c:\Program Files (x86)\Common Files\ShoesOld;c:\Users\Alec.Alec-Lenovo\AppData\Roaming\npm
10 verbose lifecycle sunspot-server@1.0.0~start: CWD: c:\Users\Alec.Alec-Lenovo\Documents\NASA-space-apps\SunSpot-Node-Server
11 silly lifecycle sunspot-server@1.0.0~start: Args: [ '/d /s /c', 'node ./src/server.js' ]
12 silly lifecycle sunspot-server@1.0.0~start: Returned: code: 1  signal: null
13 info lifecycle sunspot-server@1.0.0~start: Failed to exec start script
14 verbose stack Error: sunspot-server@1.0.0 start: `node ./src/server.js`
14 verbose stack Exit status 1
14 verbose stack     at EventEmitter.<anonymous> (c:\Program Files\nodejs\node_modules\npm\lib\utils\lifecycle.js:255:16)
14 verbose stack     at emitTwo (events.js:106:13)
14 verbose stack     at EventEmitter.emit (events.js:191:7)
14 verbose stack     at ChildProcess.<anonymous> (c:\Program Files\nodejs\node_modules\npm\lib\utils\spawn.js:40:14)
14 verbose stack     at emitTwo (events.js:106:13)
14 verbose stack     at ChildProcess.emit (events.js:191:7)
14 verbose stack     at maybeClose (internal/child_process.js:886:16)
14 verbose stack     at Process.ChildProcess._handle.onexit (internal/child_process.js:226:5)
15 verbose pkgid sunspot-server@1.0.0
16 verbose cwd c:\Users\Alec.Alec-Lenovo\Documents\NASA-space-apps\SunSpot-Node-Server\src
17 error Windows_NT 6.3.9600
18 error argv "c:\\Program Files\\nodejs\\node.exe" "c:\\Program Files\\nodejs\\node_modules\\npm\\bin\\npm-cli.js" "start"
19 error node v6.10.2
20 error npm  v3.10.10
21 error code ELIFECYCLE
22 error sunspot-server@1.0.0 start: `node ./src/server.js`
22 error Exit status 1
23 error Failed at the sunspot-server@1.0.0 start script 'node ./src/server.js'.
23 error Make sure you have the latest version of node.js and npm installed.
23 error If you do, this is most likely a problem with the sunspot-server package,
23 error not with npm itself.
23 error Tell the author that this fails on your system:
23 error     node ./src/server.js
23 error You can get information on how to open an issue for this project with:
23 error     npm bugs sunspot-server
23 error Or if that isn't available, you can get their info via:
23 error     npm owner ls sunspot-server
23 error There is likely additional logging output above.
24 verbose exit [ 1, true ]
